# JRE version: Java(TM) SE Runtime Environment (17.0.12+8) (build 17.0.12+8-LTS-286)
# Java VM: Java HotSpot(TM) 64-Bit Server VM (17.0.12+8-LTS-286, mixed mode, sharing, tiered, compressed oops, compressed class ptrs, g1 gc, windows-amd64)
GC Precious Log:
 CPUs: 4 total, 4 available
 Memory: 8082M
 Large Page Support: Disabled
 NUMA Support: Disabled
 Compressed Oops: Enabled (32-bit)
 Heap Region Size: 1M
 Heap Min Capacity: 8M
 Heap Initial Capacity: 128M
 Heap Max Capacity: 2G
 Pre-touch: Disabled
 Parallel Workers: 4
 Concurrent Workers: 1
 Concurrent Refinement Workers: 4
 Periodic GC: Disabled
Heap:
 garbage-first heap   total 155648K, used 84987K [0x0000000080000000, 0x0000000100000000)
  region size 1024K, 5 young (5120K), 5 survivors (5120K)
 Metaspace       used 71928K, committed 72960K, reserved 491520K
  class space    used 10315K, committed 10816K, reserved 425984K
GC Heap History (20 events):
Event: 12.423 GC heap after
{Heap after GC invocations=22 (full 0):
 garbage-first heap   total 114688K, used 58839K [0x0000000080000000, 0x0000000100000000)
  region size 1024K, 6 young (6144K), 6 survivors (6144K)
 Metaspace       used 63149K, committed 64000K, reserved 491520K
  class space    used 9100K, committed 9472K, reserved 425984K
}
Event: 13.033 GC heap before
{Heap before GC invocations=22 (full 0):
 garbage-first heap   total 114688K, used 92631K [0x0000000080000000, 0x0000000100000000)
  region size 1024K, 39 young (39936K), 6 survivors (6144K)
 Metaspace       used 65330K, committed 66176K, reserved 491520K
  class space    used 9352K, committed 9728K, reserved 425984K
}
Event: 13.040 GC heap after
{Heap after GC invocations=23 (full 0):
 garbage-first heap   total 114688K, used 61704K [0x0000000080000000, 0x0000000100000000)
  region size 1024K, 5 young (5120K), 5 survivors (5120K)
 Metaspace       used 65330K, committed 66176K, reserved 491520K
  class space    used 9352K, committed 9728K, reserved 425984K
}
Event: 13.483 GC heap before
{Heap before GC invocations=24 (full 0):
 garbage-first heap   total 116736K, used 92424K [0x0000000080000000, 0x0000000100000000)
  region size 1024K, 35 young (35840K), 5 survivors (5120K)
 Metaspace       used 66605K, committed 67584K, reserved 491520K
  class space    used 9549K, committed 9984K, reserved 425984K
}
Event: 13.491 GC heap after
{Heap after GC invocations=25 (full 0):
 garbage-first heap   total 116736K, used 64049K [0x0000000080000000, 0x0000000100000000)
  region size 1024K, 5 young (5120K), 5 survivors (5120K)
 Metaspace       used 66605K, committed 67584K, reserved 491520K
  class space    used 9549K, committed 9984K, reserved 425984K
}
Event: 14.694 GC heap before
{Heap before GC invocations=25 (full 0):
 garbage-first heap   total 116736K, used 92721K [0x0000000080000000, 0x0000000100000000)
  region size 1024K, 33 young (33792K), 5 survivors (5120K)
 Metaspace       used 69145K, committed 70080K, reserved 491520K
  class space    used 9995K, committed 10432K, reserved 425984K
}
Event: 14.704 GC heap after
{Heap after GC invocations=26 (full 0):
 garbage-first heap   total 140288K, used 67683K [0x0000000080000000, 0x0000000100000000)
  region size 1024K, 4 young (4096K), 4 survivors (4096K)
 Metaspace       used 69145K, committed 70080K, reserved 491520K
  class space    used 9995K, committed 10432K, reserved 425984K
}
Event: 15.620 GC heap before
{Heap before GC invocations=27 (full 0):
 garbage-first heap   total 140288K, used 104547K [0x0000000080000000, 0x0000000100000000)
  region size 1024K, 42 young (43008K), 4 survivors (4096K)
 Metaspace       used 70321K, committed 71296K, reserved 491520K
  class space    used 10168K, committed 10624K, reserved 425984K
}
Event: 15.627 GC heap after
{Heap after GC invocations=28 (full 0):
 garbage-first heap   total 140288K, used 73273K [0x0000000080000000, 0x0000000100000000)
  region size 1024K, 6 young (6144K), 6 survivors (6144K)
 Metaspace       used 70321K, committed 71296K, reserved 491520K
  class space    used 10168K, committed 10624K, reserved 425984K
}
Event: 16.242 GC heap before
{Heap before GC invocations=29 (full 0):
 garbage-first heap   total 140288K, used 112185K [0x0000000080000000, 0x0000000100000000)
  region size 1024K, 43 young (44032K), 6 survivors (6144K)
 Metaspace       used 71726K, committed 72768K, reserved 491520K
  class space    used 10313K, committed 10816K, reserved 425984K
}
Event: 16.252 GC heap after
{Heap after GC invocations=30 (full 0):
 garbage-first heap   total 140288K, used 79347K [0x0000000080000000, 0x0000000100000000)
  region size 1024K, 6 young (6144K), 6 survivors (6144K)
 Metaspace       used 71726K, committed 72768K, reserved 491520K
  class space    used 10313K, committed 10816K, reserved 425984K
}
Event: 16.261 GC heap before
{Heap before GC invocations=30 (full 0):
 garbage-first heap   total 140288K, used 79347K [0x0000000080000000, 0x0000000100000000)
  region size 1024K, 7 young (7168K), 6 survivors (6144K)
 Metaspace       used 71741K, committed 72768K, reserved 491520K
  class space    used 10313K, committed 10816K, reserved 425984K
}
Event: 16.267 GC heap after
{Heap after GC invocations=31 (full 0):
 garbage-first heap   total 140288K, used 79562K [0x0000000080000000, 0x0000000100000000)
  region size 1024K, 1 young (1024K), 1 survivors (1024K)
 Metaspace       used 71741K, committed 72768K, reserved 491520K
  class space    used 10313K, committed 10816K, reserved 425984K
}
Event: 16.549 GC heap before
{Heap before GC invocations=31 (full 0):
 garbage-first heap   total 140288K, used 111306K [0x0000000080000000, 0x0000000100000000)
  region size 1024K, 32 young (32768K), 1 survivors (1024K)
 Metaspace       used 71872K, committed 72960K, reserved 491520K
  class space    used 10315K, committed 10816K, reserved 425984K
}
Event: 16.557 GC heap after
{Heap after GC invocations=32 (full 0):
 garbage-first heap   total 140288K, used 83525K [0x0000000080000000, 0x0000000100000000)
  region size 1024K, 4 young (4096K), 4 survivors (4096K)
 Metaspace       used 71872K, committed 72960K, reserved 491520K
  class space    used 10315K, committed 10816K, reserved 425984K
}
Event: 16.827 GC heap before
{Heap before GC invocations=33 (full 0):
 garbage-first heap   total 155648K, used 110149K [0x0000000080000000, 0x0000000100000000)
  region size 1024K, 31 young (31744K), 4 survivors (4096K)
 Metaspace       used 71921K, committed 72960K, reserved 491520K
  class space    used 10315K, committed 10816K, reserved 425984K
}
Event: 16.833 GC heap after
{Heap after GC invocations=34 (full 0):
 garbage-first heap   total 155648K, used 84462K [0x0000000080000000, 0x0000000100000000)
  region size 1024K, 4 young (4096K), 4 survivors (4096K)
 Metaspace       used 71921K, committed 72960K, reserved 491520K
  class space    used 10315K, committed 10816K, reserved 425984K
}
Event: 16.853 GC heap before
{Heap before GC invocations=34 (full 0):
 garbage-first heap   total 155648K, used 87534K [0x0000000080000000, 0x0000000100000000)
  region size 1024K, 7 young (7168K), 4 survivors (4096K)
 Metaspace       used 71921K, committed 72960K, reserved 491520K
  class space    used 10315K, committed 10816K, reserved 425984K
}
Event: 16.858 GC heap after
{Heap after GC invocations=35 (full 0):
 garbage-first heap   total 155648K, used 81447K [0x0000000080000000, 0x0000000100000000)
  region size 1024K, 1 young (1024K), 1 survivors (1024K)
 Metaspace       used 71921K, committed 72960K, reserved 491520K
  class space    used 10315K, committed 10816K, reserved 425984K
}
Event: 17.125 GC heap before
{Heap before GC invocations=35 (full 0):
 garbage-first heap   total 155648K, used 122407K [0x0000000080000000, 0x0000000100000000)
  region size 1024K, 42 young (43008K), 1 survivors (1024K)
 Metaspace       used 71928K, committed 72960K, reserved 491520K
  class space    used 10315K, committed 10816K, reserved 425984K
}

