# JRE version: Java(TM) SE Runtime Environment (17.0.12+8) (build 17.0.12+8-LTS-286)
# Java VM: Java HotSpot(TM) 64-Bit Server VM (17.0.12+8-LTS-286, mixed mode, sharing, tiered, compressed oops, compressed class ptrs, g1 gc, windows-amd64)
GC Precious Log:
 CPUs: 4 total, 4 available
 Memory: 8082M
 Large Page Support: Disabled
 NUMA Support: Disabled
 Compressed Oops: Enabled (32-bit)
 Heap Region Size: 1M
 Heap Min Capacity: 8M
 Heap Initial Capacity: 128M
 Heap Max Capacity: 2G
 Pre-touch: Disabled
 Parallel Workers: 4
 Concurrent Workers: 1
 Concurrent Refinement Workers: 4
 Periodic GC: Disabled
Heap:
 garbage-first heap   total 342016K, used 264447K [0x0000000080000000, 0x0000000100000000)
  region size 1024K, 30 young (30720K), 5 survivors (5120K)
 Metaspace       used 109710K, committed 111552K, reserved 557056K
  class space    used 15289K, committed 16192K, reserved 425984K
GC Heap History (20 events):
Event: 43.935 GC heap before
{Heap before GC invocations=42 (full 0):
 garbage-first heap   total 342016K, used 272384K [0x0000000080000000, 0x0000000100000000)
  region size 1024K, 116 young (118784K), 17 survivors (17408K)
 Metaspace       used 108326K, committed 110016K, reserved 557056K
  class space    used 15099K, committed 15936K, reserved 425984K
}
Event: 43.952 GC heap after
{Heap after GC invocations=43 (full 0):
 garbage-first heap   total 342016K, used 176640K [0x0000000080000000, 0x0000000100000000)
  region size 1024K, 7 young (7168K), 7 survivors (7168K)
 Metaspace       used 108326K, committed 110016K, reserved 557056K
  class space    used 15099K, committed 15936K, reserved 425984K
}
Event: 45.533 GC heap before
{Heap before GC invocations=43 (full 0):
 garbage-first heap   total 342016K, used 280064K [0x0000000080000000, 0x0000000100000000)
  region size 1024K, 105 young (107520K), 7 survivors (7168K)
 Metaspace       used 109167K, committed 110976K, reserved 557056K
  class space    used 15208K, committed 16064K, reserved 425984K
}
Event: 45.549 GC heap after
{Heap after GC invocations=44 (full 0):
 garbage-first heap   total 342016K, used 195072K [0x0000000080000000, 0x0000000100000000)
  region size 1024K, 14 young (14336K), 14 survivors (14336K)
 Metaspace       used 109167K, committed 110976K, reserved 557056K
  class space    used 15208K, committed 16064K, reserved 425984K
}
Event: 45.963 GC heap before
{Heap before GC invocations=44 (full 0):
 garbage-first heap   total 342016K, used 272896K [0x0000000080000000, 0x0000000100000000)
  region size 1024K, 91 young (93184K), 14 survivors (14336K)
 Metaspace       used 109168K, committed 110976K, reserved 557056K
  class space    used 15208K, committed 16064K, reserved 425984K
}
Event: 45.979 GC heap after
{Heap after GC invocations=45 (full 0):
 garbage-first heap   total 342016K, used 201105K [0x0000000080000000, 0x0000000100000000)
  region size 1024K, 6 young (6144K), 6 survivors (6144K)
 Metaspace       used 109168K, committed 110976K, reserved 557056K
  class space    used 15208K, committed 16064K, reserved 425984K
}
Event: 47.860 GC heap before
{Heap before GC invocations=45 (full 0):
 garbage-first heap   total 342016K, used 282001K [0x0000000080000000, 0x0000000100000000)
  region size 1024K, 82 young (83968K), 6 survivors (6144K)
 Metaspace       used 109235K, committed 111104K, reserved 557056K
  class space    used 15220K, committed 16128K, reserved 425984K
}
Event: 47.871 GC heap after
{Heap after GC invocations=46 (full 0):
 garbage-first heap   total 342016K, used 210432K [0x0000000080000000, 0x0000000100000000)
  region size 1024K, 11 young (11264K), 11 survivors (11264K)
 Metaspace       used 109235K, committed 111104K, reserved 557056K
  class space    used 15220K, committed 16128K, reserved 425984K
}
Event: 48.797 GC heap before
{Heap before GC invocations=46 (full 0):
 garbage-first heap   total 342016K, used 280064K [0x0000000080000000, 0x0000000100000000)
  region size 1024K, 79 young (80896K), 11 survivors (11264K)
 Metaspace       used 109334K, committed 111168K, reserved 557056K
  class space    used 15231K, committed 16128K, reserved 425984K
}
Event: 48.813 GC heap after
{Heap after GC invocations=47 (full 0):
 garbage-first heap   total 342016K, used 216208K [0x0000000080000000, 0x0000000100000000)
  region size 1024K, 9 young (9216K), 9 survivors (9216K)
 Metaspace       used 109334K, committed 111168K, reserved 557056K
  class space    used 15231K, committed 16128K, reserved 425984K
}
Event: 49.142 GC heap before
{Heap before GC invocations=47 (full 0):
 garbage-first heap   total 342016K, used 280720K [0x0000000080000000, 0x0000000100000000)
  region size 1024K, 73 young (74752K), 9 survivors (9216K)
 Metaspace       used 109334K, committed 111168K, reserved 557056K
  class space    used 15231K, committed 16128K, reserved 425984K
}
Event: 49.154 GC heap after
{Heap after GC invocations=48 (full 0):
 garbage-first heap   total 342016K, used 218210K [0x0000000080000000, 0x0000000100000000)
  region size 1024K, 6 young (6144K), 6 survivors (6144K)
 Metaspace       used 109334K, committed 111168K, reserved 557056K
  class space    used 15231K, committed 16128K, reserved 425984K
}
Event: 49.988 GC heap before
{Heap before GC invocations=48 (full 0):
 garbage-first heap   total 342016K, used 286818K [0x0000000080000000, 0x0000000100000000)
  region size 1024K, 70 young (71680K), 6 survivors (6144K)
 Metaspace       used 109437K, committed 111232K, reserved 557056K
  class space    used 15247K, committed 16128K, reserved 425984K
}
Event: 49.996 GC heap after
{Heap after GC invocations=49 (full 0):
 garbage-first heap   total 342016K, used 229879K [0x0000000080000000, 0x0000000100000000)
  region size 1024K, 9 young (9216K), 9 survivors (9216K)
 Metaspace       used 109437K, committed 111232K, reserved 557056K
  class space    used 15247K, committed 16128K, reserved 425984K
}
Event: 50.499 GC heap before
{Heap before GC invocations=49 (full 0):
 garbage-first heap   total 342016K, used 282103K [0x0000000080000000, 0x0000000100000000)
  region size 1024K, 61 young (62464K), 9 survivors (9216K)
 Metaspace       used 109524K, committed 111296K, reserved 557056K
  class space    used 15258K, committed 16128K, reserved 425984K
}
Event: 50.509 GC heap after
{Heap after GC invocations=50 (full 0):
 garbage-first heap   total 342016K, used 236436K [0x0000000080000000, 0x0000000100000000)
  region size 1024K, 8 young (8192K), 8 survivors (8192K)
 Metaspace       used 109524K, committed 111296K, reserved 557056K
  class space    used 15258K, committed 16128K, reserved 425984K
}
Event: 50.800 GC heap before
{Heap before GC invocations=50 (full 0):
 garbage-first heap   total 342016K, used 283540K [0x0000000080000000, 0x0000000100000000)
  region size 1024K, 55 young (56320K), 8 survivors (8192K)
 Metaspace       used 109524K, committed 111296K, reserved 557056K
  class space    used 15258K, committed 16128K, reserved 425984K
}
Event: 50.806 GC heap after
{Heap after GC invocations=51 (full 0):
 garbage-first heap   total 342016K, used 237687K [0x0000000080000000, 0x0000000100000000)
  region size 1024K, 5 young (5120K), 5 survivors (5120K)
 Metaspace       used 109524K, committed 111296K, reserved 557056K
  class space    used 15258K, committed 16128K, reserved 425984K
}
Event: 51.088 GC heap before
{Heap before GC invocations=51 (full 0):
 garbage-first heap   total 342016K, used 285815K [0x0000000080000000, 0x0000000100000000)
  region size 1024K, 53 young (54272K), 5 survivors (5120K)
 Metaspace       used 109525K, committed 111296K, reserved 557056K
  class space    used 15258K, committed 16128K, reserved 425984K
}
Event: 51.093 GC heap after
{Heap after GC invocations=52 (full 0):
 garbage-first heap   total 342016K, used 238847K [0x0000000080000000, 0x0000000100000000)
  region size 1024K, 5 young (5120K), 5 survivors (5120K)
 Metaspace       used 109525K, committed 111296K, reserved 557056K
  class space    used 15258K, committed 16128K, reserved 425984K
}

